{"name": "登录", "status": "broken", "statusDetails": {"message": "selenium.common.exceptions.WebDriverException: Message: unknown error: net::ERR_NAME_NOT_RESOLVED\n  (Session info: headless chrome=113.0.5672.129)\nStacktrace:\nBacktrace:\n\tGetHandleVerifier [0x00668893+48451]\n\t(No symbol) [0x005FB8A1]\n\t(No symbol) [0x00505058]\n\t(No symbol) [0x00501843]\n\t(No symbol) [0x004F8AC5]\n\t(No symbol) [0x004F9B2A]\n\t(No symbol) [0x004F8E23]\n\t(No symbol) [0x004F8175]\n\t(No symbol) [0x004F810C]\n\t(No symbol) [0x004F6D46]\n\t(No symbol) [0x004F74A8]\n\t(No symbol) [0x005067F2]\n\t(No symbol) [0x0055CA61]\n\t(No symbol) [0x0054A2BC]\n\t(No symbol) [0x0055C482]\n\t(No symbol) [0x0054A0B6]\n\t(No symbol) [0x00527E08]\n\t(No symbol) [0x00528F2D]\n\tGetHandleVerifier [0x008C8E3A+2540266]\n\tGetHandleVerifier [0x00908959+2801161]\n\tGetHandleVerifier [0x0090295C+2776588]\n\tGetHandleVerifier [0x006F2280+612144]\n\t(No symbol) [0x00604F6C]\n\t(No symbol) [0x006011D8]\n\t(No symbol) [0x006012BB]\n\t(No symbol) [0x005F4857]\n\tBaseThreadInitThunk [0x753300C9+25]\n\tRtlGetAppContainerNamedObjectPath [0x772A7B4E+286]\n\tRtlGetAppContainerNamedObjectPath [0x772A7B1E+238]", "trace": "self = <application.task_ui.test_ui_task.TestTask object at 0x00000182D45FDDC0>\ndrivers = <selenium.webdriver.chrome.webdriver.WebDriver (session=\"46f48fdc49588589cc19feeeeaa402f0\")>\ncase = {'abilityModelId': ['6444f62623a73c5623ab273d', '0360a533-8cf2-4023-a67e-561dc1746d78', '52b110c2-3ef2-4592-86c6-e3e05...登录', 'eventStep': [{'eventName': '输入账号密码', 'level': 1}, {'eventName': '输入账号密码', 'level': 2}], 'expectResult': '名', ...}\nnode_url = 'http://64488c73d077a9b3719801e4/#/login'\n\n    def test_task(self, drivers, case, node_url):\n        global account1\n        global password1\n        allure.dynamic.title(case[\"caseName\"])\n        allure.dynamic.severity(case[\"priority\"])\n>       drivers.get(node_url)  # case:用例的信息\n\napplication\\task_ui\\test_ui_task.py:27: \n_ _ _ _ _ _ _ _ _ _ _ _ _ _ _ _ _ _ _ _ _ _ _ _ _ _ _ _ _ _ _ _ _ _ _ _ _ _ _ _\nvenv\\lib\\site-packages\\selenium\\webdriver\\remote\\webdriver.py:449: in get\n    self.execute(Command.GET, {\"url\": url})\nvenv\\lib\\site-packages\\selenium\\webdriver\\remote\\webdriver.py:440: in execute\n    self.error_handler.check_response(response)\n_ _ _ _ _ _ _ _ _ _ _ _ _ _ _ _ _ _ _ _ _ _ _ _ _ _ _ _ _ _ _ _ _ _ _ _ _ _ _ _\n\nself = <selenium.webdriver.remote.errorhandler.ErrorHandler object at 0x00000182D4807BB0>\nresponse = {'status': 500, 'value': '{\"value\":{\"error\":\"unknown error\",\"message\":\"unknown error: net::ERR_NAME_NOT_RESOLVED\\\\n  (...\\n\\\\tRtlGetAppContainerNamedObjectPath [0x772A7B4E+286]\\\\n\\\\tRtlGetAppContainerNamedObjectPath [0x772A7B1E+238]\\\\n\"}}'}\n\n    def check_response(self, response: Dict[str, Any]) -> None:\n        \"\"\"Checks that a JSON response from the WebDriver does not have an\n        error.\n    \n        :Args:\n         - response - The JSON response from the WebDriver server as a dictionary\n           object.\n    \n        :Raises: If the response contains an error message.\n        \"\"\"\n        status = response.get(\"status\", None)\n        if not status or status == ErrorCode.SUCCESS:\n            return\n        value = None\n        message = response.get(\"message\", \"\")\n        screen: str = response.get(\"screen\", \"\")\n        stacktrace = None\n        if isinstance(status, int):\n            value_json = response.get(\"value\", None)\n            if value_json and isinstance(value_json, str):\n                import json\n    \n                try:\n                    value = json.loads(value_json)\n                    if len(value) == 1:\n                        value = value[\"value\"]\n                    status = value.get(\"error\", None)\n                    if not status:\n                        status = value.get(\"status\", ErrorCode.UNKNOWN_ERROR)\n                        message = value.get(\"value\") or value.get(\"message\")\n                        if not isinstance(message, str):\n                            value = message\n                            message = message.get(\"message\")\n                    else:\n                        message = value.get(\"message\", None)\n                except ValueError:\n                    pass\n    \n        exception_class: Type[WebDriverException]\n        if status in ErrorCode.NO_SUCH_ELEMENT:\n            exception_class = NoSuchElementException\n        elif status in ErrorCode.NO_SUCH_FRAME:\n            exception_class = NoSuchFrameException\n        elif status in ErrorCode.NO_SUCH_SHADOW_ROOT:\n            exception_class = NoSuchShadowRootException\n        elif status in ErrorCode.NO_SUCH_WINDOW:\n            exception_class = NoSuchWindowException\n        elif status in ErrorCode.STALE_ELEMENT_REFERENCE:\n            exception_class = StaleElementReferenceException\n        elif status in ErrorCode.ELEMENT_NOT_VISIBLE:\n            exception_class = ElementNotVisibleException\n        elif status in ErrorCode.INVALID_ELEMENT_STATE:\n            exception_class = InvalidElementStateException\n        elif (\n            status in ErrorCode.INVALID_SELECTOR\n            or status in ErrorCode.INVALID_XPATH_SELECTOR\n            or status in ErrorCode.INVALID_XPATH_SELECTOR_RETURN_TYPER\n        ):\n            exception_class = InvalidSelectorException\n        elif status in ErrorCode.ELEMENT_IS_NOT_SELECTABLE:\n            exception_class = ElementNotSelectableException\n        elif status in ErrorCode.ELEMENT_NOT_INTERACTABLE:\n            exception_class = ElementNotInteractableException\n        elif status in ErrorCode.INVALID_COOKIE_DOMAIN:\n            exception_class = InvalidCookieDomainException\n        elif status in ErrorCode.UNABLE_TO_SET_COOKIE:\n            exception_class = UnableToSetCookieException\n        elif status in ErrorCode.TIMEOUT:\n            exception_class = TimeoutException\n        elif status in ErrorCode.SCRIPT_TIMEOUT:\n            exception_class = TimeoutException\n        elif status in ErrorCode.UNKNOWN_ERROR:\n            exception_class = WebDriverException\n        elif status in ErrorCode.UNEXPECTED_ALERT_OPEN:\n            exception_class = UnexpectedAlertPresentException\n        elif status in ErrorCode.NO_ALERT_OPEN:\n            exception_class = NoAlertPresentException\n        elif status in ErrorCode.IME_NOT_AVAILABLE:\n            exception_class = ImeNotAvailableException\n        elif status in ErrorCode.IME_ENGINE_ACTIVATION_FAILED:\n            exception_class = ImeActivationFailedException\n        elif status in ErrorCode.MOVE_TARGET_OUT_OF_BOUNDS:\n            exception_class = MoveTargetOutOfBoundsException\n        elif status in ErrorCode.JAVASCRIPT_ERROR:\n            exception_class = JavascriptException\n        elif status in ErrorCode.SESSION_NOT_CREATED:\n            exception_class = SessionNotCreatedException\n        elif status in ErrorCode.INVALID_ARGUMENT:\n            exception_class = InvalidArgumentException\n        elif status in ErrorCode.NO_SUCH_COOKIE:\n            exception_class = NoSuchCookieException\n        elif status in ErrorCode.UNABLE_TO_CAPTURE_SCREEN:\n            exception_class = ScreenshotException\n        elif status in ErrorCode.ELEMENT_CLICK_INTERCEPTED:\n            exception_class = ElementClickInterceptedException\n        elif status in ErrorCode.INSECURE_CERTIFICATE:\n            exception_class = InsecureCertificateException\n        elif status in ErrorCode.INVALID_COORDINATES:\n            exception_class = InvalidCoordinatesException\n        elif status in ErrorCode.INVALID_SESSION_ID:\n            exception_class = InvalidSessionIdException\n        elif status in ErrorCode.UNKNOWN_METHOD:\n            exception_class = UnknownMethodException\n        else:\n            exception_class = WebDriverException\n        if not value:\n            value = response[\"value\"]\n        if isinstance(value, str):\n            raise exception_class(value)\n        if message == \"\" and \"message\" in value:\n            message = value[\"message\"]\n    \n        screen = None  # type: ignore[assignment]\n        if \"screen\" in value:\n            screen = value[\"screen\"]\n    \n        stacktrace = None\n        st_value = value.get(\"stackTrace\") or value.get(\"stacktrace\")\n        if st_value:\n            if isinstance(st_value, str):\n                stacktrace = st_value.split(\"\\n\")\n            else:\n                stacktrace = []\n                try:\n                    for frame in st_value:\n                        line = frame.get(\"lineNumber\", \"\")\n                        file = frame.get(\"fileName\", \"<anonymous>\")\n                        if line:\n                            file = f\"{file}:{line}\"\n                        meth = frame.get(\"methodName\", \"<anonymous>\")\n                        if \"className\" in frame:\n                            meth = f\"{frame['className']}.{meth}\"\n                        msg = \"    at %s (%s)\"\n                        msg = msg % (meth, file)\n                        stacktrace.append(msg)\n                except TypeError:\n                    pass\n        if exception_class == UnexpectedAlertPresentException:\n            alert_text = None\n            if \"data\" in value:\n                alert_text = value[\"data\"].get(\"text\")\n            elif \"alert\" in value:\n                alert_text = value[\"alert\"].get(\"text\")\n            raise exception_class(message, screen, stacktrace, alert_text)  # type: ignore[call-arg]  # mypy is not smart enough here\n>       raise exception_class(message, screen, stacktrace)\nE       selenium.common.exceptions.WebDriverException: Message: unknown error: net::ERR_NAME_NOT_RESOLVED\nE         (Session info: headless chrome=113.0.5672.129)\nE       Stacktrace:\nE       Backtrace:\nE       \tGetHandleVerifier [0x00668893+48451]\nE       \t(No symbol) [0x005FB8A1]\nE       \t(No symbol) [0x00505058]\nE       \t(No symbol) [0x00501843]\nE       \t(No symbol) [0x004F8AC5]\nE       \t(No symbol) [0x004F9B2A]\nE       \t(No symbol) [0x004F8E23]\nE       \t(No symbol) [0x004F8175]\nE       \t(No symbol) [0x004F810C]\nE       \t(No symbol) [0x004F6D46]\nE       \t(No symbol) [0x004F74A8]\nE       \t(No symbol) [0x005067F2]\nE       \t(No symbol) [0x0055CA61]\nE       \t(No symbol) [0x0054A2BC]\nE       \t(No symbol) [0x0055C482]\nE       \t(No symbol) [0x0054A0B6]\nE       \t(No symbol) [0x00527E08]\nE       \t(No symbol) [0x00528F2D]\nE       \tGetHandleVerifier [0x008C8E3A+2540266]\nE       \tGetHandleVerifier [0x00908959+2801161]\nE       \tGetHandleVerifier [0x0090295C+2776588]\nE       \tGetHandleVerifier [0x006F2280+612144]\nE       \t(No symbol) [0x00604F6C]\nE       \t(No symbol) [0x006011D8]\nE       \t(No symbol) [0x006012BB]\nE       \t(No symbol) [0x005F4857]\nE       \tBaseThreadInitThunk [0x753300C9+25]\nE       \tRtlGetAppContainerNamedObjectPath [0x772A7B4E+286]\nE       \tRtlGetAppContainerNamedObjectPath [0x772A7B1E+238]\n\nvenv\\lib\\site-packages\\selenium\\webdriver\\remote\\errorhandler.py:245: WebDriverException"}, "attachments": [{"name": "失败截图test_task", "source": "4ca067f2-4c6e-48d6-a1d8-948508ce26db-attachment.png", "type": "image/png"}], "parameters": [{"name": "case", "value": "{'id': '644632ab86bf73d2a20a446d', 'abilityModelId': ['6444f62623a73c5623ab273d', '0360a533-8cf2-4023-a67e-561dc1746d78', '52b110c2-3ef2-4592-86c6-e3e055dc38a1'], 'caseName': '登录', 'priority': 2, 'eventStep': [{'eventName': '输入账号密码', 'level': 1}, {'eventName': '输入账号密码', 'level': 2}], 'testData': '{123}', 'expectResult': '名', 'lastModifiedTime': '2023-04-24 16:11:22.321480', 'lastModifiedBy': 'admin'}"}], "start": 1686023578478, "stop": 1686023579862, "uuid": "245f7242-f083-436c-b9ee-f568e9560cbe", "historyId": "0cb0f27315bad0e024c348f6287629e7", "testCaseId": "04338e56f2b64640568628d63c60bb93", "fullName": "application.task_ui.test_ui_task.TestTask#test_task", "labels": [{"name": "severity", "value": 2}, {"name": "parentSuite", "value": "application.task_ui"}, {"name": "suite", "value": "test_ui_task"}, {"name": "subSuite", "value": "TestTask"}, {"name": "host", "value": "DESKTOP-2HK8HF2"}, {"name": "thread", "value": "11536-Thread-104"}, {"name": "framework", "value": "pytest"}, {"name": "language", "value": "cpython3"}, {"name": "package", "value": "application.task_ui.test_ui_task"}]}